<?xml version="1.0" encoding="UTF-8"?>
<!-- Generated by org.testng.reporters.JUnitXMLReporter -->
<testsuite ignored="1" hostname="DESKTOP-EN7BJGS" failures="0" tests="2" name="TCs releated to Purchase" time="46.89" errors="0" timestamp="2024-03-26T12:32:06 IST">
  <testcase classname="RdAutomation.SeleniumFrameworkDesign.eCommerceSubmitOrders" name="SubmitOrder" time="19.938"/>
  <testcase classname="RdAutomation.SeleniumFrameworkDesign.eCommerceSubmitOrders" name="SubmitOrder" time="20.059"/>
  <testcase classname="RdAutomation.SeleniumFrameworkDesign.eCommerceSubmitOrders" name="OrderHistoryTest" time="0.0">
    <ignored/>
  </testcase> <!-- OrderHistoryTest -->
</testsuite> <!-- TCs releated to Purchase -->
