<?xml version="1.0" encoding="UTF-8"?>
<!-- Generated by org.testng.reporters.JUnitXMLReporter -->
<testsuite ignored="0" hostname="DESKTOP-EN7BJGS" failures="0" tests="2" name="Default test" time="27.632" errors="0" timestamp="2024-03-20T12:16:23 IST">
  <testcase classname="RdAutomation.SeleniumFrameworkDesign.ErrorValidations" name="LoginErrorValidation" time="1.146"/>
  <testcase classname="RdAutomation.SeleniumFrameworkDesign.ErrorValidations" name="ProductErrorValidation" time="19.656"/>
</testsuite> <!-- Default test -->
