<?xml version="1.0" encoding="UTF-8"?>
<!-- Generated by org.testng.reporters.JUnitXMLReporter -->
<testsuite ignored="1" hostname="DESKTOP-EN7BJGS" failures="0" tests="1" name="ErrorValidations" time="4.748" errors="0" timestamp="2024-02-21T16:10:02 IST">
  <testcase classname="RdAutomation.SeleniumFrameworkDesign.ErrorValidations" name="LoginErrorValidation" time="0.867"/>
  <testcase classname="RdAutomation.SeleniumFrameworkDesign.ErrorValidations" name="ProductErrorValidation" time="0.0">
    <ignored/>
  </testcase> <!-- ProductErrorValidation -->
</testsuite> <!-- ErrorValidations -->
