<?xml version="1.0" encoding="UTF-8"?>
<!-- Generated by org.testng.reporters.JUnitXMLReporter -->
<testsuite ignored="0" hostname="DESKTOP-EN7BJGS" failures="1" tests="2" name="E commerce Submit Order Test" time="40.791" errors="0" timestamp="2024-02-21T13:18:45 IST">
  <testcase classname="RdAutomation.SeleniumFrameworkDesign.eCommerceSubmitOrders" name="SubmitOrder" time="21.386"/>
  <testcase classname="RdAutomation.SeleniumFrameworkDesign.eCommerceSubmitOrders" name="OrderHistoryTest" time="0.46">
    <failure type="java.lang.NullPointerException" message="Cannot invoke &amp;quot;RdAutomation.SeleniumFrameworkDesign.pageObjects.OrderPage.VerifyOrderDisplay(String)&amp;quot; because &amp;quot;ordersPage&amp;quot; is null">
      <![CDATA[java.lang.NullPointerException: Cannot invoke "RdAutomation.SeleniumFrameworkDesign.pageObjects.OrderPage.VerifyOrderDisplay(String)" because "ordersPage" is null
at RdAutomation.SeleniumFrameworkDesign.eCommerceSubmitOrders.OrderHistoryTest(eCommerceSubmitOrders.java:73)
at java.base/java.util.ArrayList.forEach(ArrayList.java:1511)
... Removed 27 stack frames]]>
    </failure>
  </testcase> <!-- OrderHistoryTest -->
</testsuite> <!-- E commerce Submit Order Test -->
