<?xml version="1.0" encoding="UTF-8"?>
<!-- Generated by org.testng.reporters.JUnitXMLReporter -->
<testsuite ignored="0" hostname="DESKTOP-EN7BJGS" failures="0" tests="2" name="ErrorValidations" time="48.092" errors="0" timestamp="2024-02-21T13:19:33 IST">
  <testcase classname="RdAutomation.SeleniumFrameworkDesign.ErrorValidations" name="LoginErrorValidation" time="1.035"/>
  <testcase classname="RdAutomation.SeleniumFrameworkDesign.ErrorValidations" name="ProductErrorValidation" time="20.648"/>
</testsuite> <!-- ErrorValidations -->
