<?xml version="1.0" encoding="UTF-8"?>
<!-- Generated by org.testng.reporters.JUnitXMLReporter -->
<testsuite ignored="0" hostname="DESKTOP-EN7BJGS" failures="0" tests="4" name="Test" time="67.488" errors="0" timestamp="2024-04-10T13:55:04 IST">
  <testcase classname="RdAutomation.SeleniumFrameworkDesign.eCommerceSubmitOrders" name="SubmitOrder" time="20.388"/>
  <testcase classname="RdAutomation.SeleniumFrameworkDesign.eCommerceSubmitOrders" name="SubmitOrder" time="20.381"/>
  <testcase classname="RdAutomation.SeleniumFrameworkDesign.eCommerceSubmitOrders" name="OrderHistoryTest" time="1.079"/>
  <testcase classname="RdAutomation.SeleniumFrameworkDesign.eCommerceSubmitOrders" name="OrderHistoryTest" time="1.132"/>
</testsuite> <!-- Test -->
