<?xml version="1.0" encoding="UTF-8"?>
<!-- Generated by org.testng.reporters.JUnitXMLReporter -->
<testsuite ignored="0" hostname="DESKTOP-EN7BJGS" failures="0" tests="6" name="Test" time="78.827" errors="0" timestamp="2024-02-27T12:39:39 IST">
  <testcase classname="RdAutomation.SeleniumFrameworkDesign.ErrorValidations" name="LoginErrorValidation" time="0.566"/>
  <testcase classname="RdAutomation.SeleniumFrameworkDesign.ErrorValidations" name="ProductErrorValidation" time="19.375"/>
  <testcase classname="RdAutomation.SeleniumFrameworkDesign.eCommerceSubmitOrders" name="SubmitOrder" time="20.164"/>
  <testcase classname="RdAutomation.SeleniumFrameworkDesign.eCommerceSubmitOrders" name="SubmitOrder" time="20.252"/>
  <testcase classname="RdAutomation.SeleniumFrameworkDesign.eCommerceSubmitOrders" name="OrderHistoryTest" time="1.879"/>
  <testcase classname="RdAutomation.SeleniumFrameworkDesign.eCommerceSubmitOrders" name="OrderHistoryTest" time="1.202"/>
</testsuite> <!-- Test -->
