<?xml version="1.0" encoding="UTF-8"?>
<testng-results ignored="0" total="2" passed="2" failed="0" skipped="0">
  <reporter-output>
  </reporter-output>
  <suite started-at="2024-03-26T12:31:19 IST" name="Purchase Test Suite" finished-at="2024-03-26T12:32:06 IST" duration-ms="46890">
    <groups>
      <group name="Purchase">
        <method signature="eCommerceSubmitOrders.SubmitOrder(java.util.HashMap)[pri:0, instance:RdAutomation.SeleniumFrameworkDesign.eCommerceSubmitOrders@1f9f6368]" name="SubmitOrder" class="RdAutomation.SeleniumFrameworkDesign.eCommerceSubmitOrders"/>
      </group> <!-- Purchase -->
    </groups>
    <test started-at="2024-03-26T12:31:19 IST" name="TCs releated to Purchase" finished-at="2024-03-26T12:32:06 IST" duration-ms="46890">
      <class name="RdAutomation.SeleniumFrameworkDesign.eCommerceSubmitOrders">
        <test-method is-config="true" signature="launchApplication()[pri:0, instance:RdAutomation.SeleniumFrameworkDesign.eCommerceSubmitOrders@1f9f6368]" started-at="2024-03-26T12:31:19 IST" name="launchApplication" finished-at="2024-03-26T12:31:22 IST" duration-ms="3126" status="PASS">
          <reporter-output>
          </reporter-output>
        </test-method> <!-- launchApplication -->
        <test-method signature="SubmitOrder(java.util.HashMap)[pri:0, instance:RdAutomation.SeleniumFrameworkDesign.eCommerceSubmitOrders@1f9f6368]" started-at="2024-03-26T12:31:22 IST" name="SubmitOrder" data-provider="getData" finished-at="2024-03-26T12:31:42 IST" duration-ms="19938" status="PASS">
          <params>
            <param index="0">
              <value>
                <![CDATA[{password=Qatestrd@qaauto.com123, product=ZARA COAT 3, email=qatestrd@qaauto.com}]]>
              </value>
            </param>
          </params>
          <reporter-output>
          </reporter-output>
        </test-method> <!-- SubmitOrder -->
        <test-method is-config="true" signature="tearDown()[pri:0, instance:RdAutomation.SeleniumFrameworkDesign.eCommerceSubmitOrders@1f9f6368]" started-at="2024-03-26T12:31:42 IST" name="tearDown" finished-at="2024-03-26T12:31:42 IST" duration-ms="150" status="PASS">
          <reporter-output>
          </reporter-output>
        </test-method> <!-- tearDown -->
        <test-method is-config="true" signature="launchApplication()[pri:0, instance:RdAutomation.SeleniumFrameworkDesign.eCommerceSubmitOrders@1f9f6368]" started-at="2024-03-26T12:31:42 IST" name="launchApplication" finished-at="2024-03-26T12:31:45 IST" duration-ms="2978" status="PASS">
          <reporter-output>
          </reporter-output>
        </test-method> <!-- launchApplication -->
        <test-method signature="SubmitOrder(java.util.HashMap)[pri:0, instance:RdAutomation.SeleniumFrameworkDesign.eCommerceSubmitOrders@1f9f6368]" started-at="2024-03-26T12:31:45 IST" name="SubmitOrder" data-provider="getData" finished-at="2024-03-26T12:32:06 IST" duration-ms="20059" status="PASS">
          <params>
            <param index="0">
              <value>
                <![CDATA[{password=Qatestrd@qaauto.com123, product=ADIDAS ORIGINAL, email=qatestrd2@qaauto.com}]]>
              </value>
            </param>
          </params>
          <reporter-output>
          </reporter-output>
        </test-method> <!-- SubmitOrder -->
        <test-method is-config="true" signature="tearDown()[pri:0, instance:RdAutomation.SeleniumFrameworkDesign.eCommerceSubmitOrders@1f9f6368]" started-at="2024-03-26T12:32:06 IST" name="tearDown" finished-at="2024-03-26T12:32:06 IST" duration-ms="178" status="PASS">
          <reporter-output>
          </reporter-output>
        </test-method> <!-- tearDown -->
      </class> <!-- RdAutomation.SeleniumFrameworkDesign.eCommerceSubmitOrders -->
    </test> <!-- TCs releated to Purchase -->
  </suite> <!-- Purchase Test Suite -->
</testng-results>
